TN:
SF:src\database.ts
FN:15,(anonymous_1)
FNF:1
FNH:0
FNDA:0,(anonymous_1)
DA:1,0
DA:2,0
DA:4,0
DA:6,0
DA:15,0
DA:16,0
DA:17,0
DA:19,0
DA:20,0
LF:9
LH:0
BRDA:11,0,0,0
BRDA:11,0,1,0
BRDA:16,1,0,0
BRDA:16,1,1,0
BRF:4
BRH:0
end_of_record
TN:
SF:src\config\logger.ts
FN:17,(anonymous_1)
FN:86,(anonymous_2)
FN:98,(anonymous_3)
FN:105,(anonymous_4)
FN:112,(anonymous_5)
FN:123,(anonymous_6)
FN:130,(anonymous_7)
FN:137,(anonymous_8)
FNF:8
FNH:0
FNDA:0,(anonymous_1)
FNDA:0,(anonymous_2)
FNDA:0,(anonymous_3)
FNDA:0,(anonymous_4)
FNDA:0,(anonymous_5)
FNDA:0,(anonymous_6)
FNDA:0,(anonymous_7)
FNDA:0,(anonymous_8)
DA:9,0
DA:10,0
DA:12,0
DA:17,0
DA:18,0
DA:19,0
DA:25,0
DA:26,0
DA:31,0
DA:36,0
DA:51,0
DA:52,0
DA:74,0
DA:85,0
DA:87,0
DA:94,0
DA:99,0
DA:106,0
DA:113,0
DA:124,0
DA:131,0
DA:138,0
DA:142,0
LF:23
LH:0
BRDA:18,0,0,0
BRDA:18,0,1,0
BRDA:26,1,0,0
BRDA:26,1,1,0
BRDA:26,2,0,0
BRDA:26,2,1,0
BRDA:39,3,0,0
BRDA:39,3,1,0
BRDA:51,4,0,0
BRDA:51,4,1,0
BRF:10
BRH:0
end_of_record
TN:
SF:src\config\multerConfig.ts
FN:13,(anonymous_1)
FN:41,(anonymous_2)
FN:49,(anonymous_3)
FN:56,(anonymous_4)
FN:68,(anonymous_5)
FN:79,(anonymous_6)
FN:95,(anonymous_7)
FN:102,(anonymous_8)
FN:118,(anonymous_9)
FNF:9
FNH:0
FNDA:0,(anonymous_1)
FNDA:0,(anonymous_2)
FNDA:0,(anonymous_3)
FNDA:0,(anonymous_4)
FNDA:0,(anonymous_5)
FNDA:0,(anonymous_6)
FNDA:0,(anonymous_7)
FNDA:0,(anonymous_8)
FNDA:0,(anonymous_9)
DA:1,0
DA:2,0
DA:3,0
DA:7,0
DA:8,0
DA:9,0
DA:10,0
DA:13,0
DA:14,0
DA:15,0
DA:20,0
DA:23,0
DA:41,0
DA:42,0
DA:48,0
DA:50,0
DA:51,0
DA:52,0
DA:54,0
DA:57,0
DA:58,0
DA:59,0
DA:60,0
DA:68,0
DA:69,0
DA:70,0
DA:72,0
DA:79,0
DA:80,0
DA:88,0
DA:89,0
DA:90,0
DA:95,0
DA:96,0
DA:102,0
DA:103,0
DA:105,0
DA:106,0
DA:107,0
DA:110,0
DA:111,0
DA:118,0
DA:119,0
DA:120,0
DA:121,0
DA:124,0
DA:126,0
DA:129,0
DA:131,0
DA:132,0
DA:135,0
DA:137,0
DA:141,0
LF:53
LH:0
BRDA:14,0,0,0
BRDA:14,0,1,0
BRDA:51,1,0,0
BRDA:51,1,1,0
BRDA:59,2,0,0
BRDA:59,2,1,0
BRDA:69,3,0,0
BRDA:69,3,1,0
BRDA:106,4,0,0
BRDA:106,4,1,0
BRDA:119,5,0,0
BRDA:119,5,1,0
BRDA:120,6,0,0
BRDA:120,6,1,0
BRDA:131,7,0,0
BRDA:131,7,1,0
BRF:16
BRH:0
end_of_record
TN:
SF:src\config\multerConfigNotes.ts
FN:10,(anonymous_1)
FN:18,(anonymous_2)
FN:21,(anonymous_3)
FN:34,(anonymous_4)
FN:45,(anonymous_5)
FN:50,(anonymous_6)
FN:68,(anonymous_7)
FNF:7
FNH:0
FNDA:0,(anonymous_1)
FNDA:0,(anonymous_2)
FNDA:0,(anonymous_3)
FNDA:0,(anonymous_4)
FNDA:0,(anonymous_5)
FNDA:0,(anonymous_6)
FNDA:0,(anonymous_7)
DA:1,0
DA:2,0
DA:3,0
DA:6,0
DA:7,0
DA:10,0
DA:11,0
DA:12,0
DA:17,0
DA:19,0
DA:22,0
DA:23,0
DA:24,0
DA:29,0
DA:35,0
DA:36,0
DA:37,0
DA:39,0
DA:45,0
DA:46,0
DA:50,0
DA:51,0
DA:52,0
DA:53,0
DA:54,0
DA:57,0
DA:58,0
DA:68,0
DA:69,0
DA:70,0
DA:71,0
DA:75,0
DA:79,0
DA:80,0
DA:84,0
LF:35
LH:0
BRDA:11,0,0,0
BRDA:11,0,1,0
BRDA:36,1,0,0
BRDA:36,1,1,0
BRDA:53,2,0,0
BRDA:53,2,1,0
BRDA:69,3,0,0
BRDA:69,3,1,0
BRDA:70,4,0,0
BRDA:70,4,1,0
BRDA:79,5,0,0
BRDA:79,5,1,0
BRF:12
BRH:0
end_of_record
TN:
SF:src\config\multerConfigPFP.ts
FN:17,(anonymous_1)
FN:20,(anonymous_2)
FN:28,(anonymous_3)
FNF:3
FNH:0
FNDA:0,(anonymous_1)
FNDA:0,(anonymous_2)
FNDA:0,(anonymous_3)
DA:1,0
DA:2,0
DA:3,0
DA:6,0
DA:7,0
DA:9,0
DA:10,0
DA:12,0
DA:13,0
DA:16,0
DA:18,0
DA:21,0
DA:22,0
DA:26,0
DA:29,0
DA:30,0
DA:32,0
LF:17
LH:0
BRDA:9,0,0,0
BRDA:9,0,1,0
BRDA:12,1,0,0
BRDA:12,1,1,0
BRDA:29,2,0,0
BRDA:29,2,1,0
BRF:6
BRH:0
end_of_record
TN:
SF:src\controllers\UserGroupController.ts
FN:13,(anonymous_0)
FN:14,(anonymous_1)
FN:15,(anonymous_2)
FN:16,(anonymous_3)
FNF:4
FNH:0
FNDA:0,(anonymous_0)
FNDA:0,(anonymous_1)
FNDA:0,(anonymous_2)
FNDA:0,(anonymous_3)
DA:12,0
DA:13,0
DA:14,0
DA:15,0
DA:16,0
LF:5
LH:0
BRF:0
BRH:0
end_of_record
TN:
SF:src\controllers\accountController.ts
FN:22,(anonymous_1)
FN:140,(anonymous_2)
FN:209,(anonymous_3)
FN:238,(anonymous_4)
FN:265,(anonymous_5)
FN:306,(anonymous_6)
FN:350,(anonymous_7)
FNF:7
FNH:0
FNDA:0,(anonymous_1)
FNDA:0,(anonymous_2)
FNDA:0,(anonymous_3)
FNDA:0,(anonymous_4)
FNDA:0,(anonymous_5)
FNDA:0,(anonymous_6)
FNDA:0,(anonymous_7)
DA:2,0
DA:3,0
DA:5,0
DA:6,0
DA:7,0
DA:8,0
DA:9,0
DA:11,0
DA:21,0
DA:26,0
DA:27,0
DA:28,0
DA:31,0
DA:34,0
DA:41,0
DA:42,0
DA:43,0
DA:44,0
DA:46,0
DA:47,0
DA:48,0
DA:51,0
DA:57,0
DA:58,0
DA:61,0
DA:63,0
DA:64,0
DA:65,0
DA:67,0
DA:68,0
DA:70,0
DA:73,0
DA:80,0
DA:86,0
DA:88,0
DA:96,0
DA:97,0
DA:99,0
DA:100,0
DA:104,0
DA:109,0
DA:111,0
DA:118,0
DA:119,0
DA:127,0
DA:128,0
DA:132,0
DA:133,0
DA:141,0
DA:142,0
DA:143,0
DA:144,0
DA:145,0
DA:147,0
DA:150,0
DA:151,0
DA:152,0
DA:154,0
DA:155,0
DA:160,0
DA:161,0
DA:162,0
DA:169,0
DA:172,0
DA:173,0
DA:180,0
DA:184,0
DA:186,0
DA:187,0
DA:188,0
DA:192,0
DA:193,0
DA:195,0
DA:196,0
DA:197,0
DA:198,0
DA:201,0
DA:205,0
DA:207,0
DA:209,0
DA:212,0
DA:213,0
DA:216,0
DA:221,0
DA:226,0
DA:227,0
DA:239,0
DA:240,0
DA:242,0
DA:247,0
DA:248,0
DA:249,0
DA:253,0
DA:258,0
DA:260,0
DA:261,0
DA:266,0
DA:267,0
DA:268,0
DA:270,0
DA:275,0
DA:276,0
DA:277,0
DA:280,0
DA:281,0
DA:283,0
DA:284,0
DA:285,0
DA:289,0
DA:290,0
DA:291,0
DA:292,0
DA:293,0
DA:297,0
DA:299,0
DA:301,0
DA:302,0
DA:307,0
DA:308,0
DA:309,0
DA:311,0
DA:316,0
DA:317,0
DA:318,0
DA:324,0
DA:336,0
DA:338,0
DA:339,0
DA:342,0
DA:343,0
DA:351,0
DA:352,0
DA:353,0
DA:354,0
DA:355,0
DA:362,0
DA:369,0
DA:370,0
DA:371,0
DA:383,0
DA:384,0
DA:396,0
DA:397,0
DA:399,0
DA:400,0
LF:145
LH:0
BRDA:27,0,0,0
BRDA:27,0,1,0
BRDA:44,1,0,0
BRDA:44,1,1,0
BRDA:57,2,0,0
BRDA:57,2,1,0
BRDA:63,3,0,0
BRDA:63,3,1,0
BRDA:67,4,0,0
BRDA:67,4,1,0
BRDA:86,5,0,0
BRDA:86,5,1,0
BRDA:96,6,0,0
BRDA:96,6,1,0
BRDA:118,7,0,0
BRDA:118,7,1,0
BRDA:127,8,0,0
BRDA:127,8,1,0
BRDA:135,9,0,0
BRDA:135,9,1,0
BRDA:160,10,0,0
BRDA:160,10,1,0
BRDA:186,11,0,0
BRDA:186,11,1,0
BRDA:195,12,0,0
BRDA:195,12,1,0
BRDA:229,13,0,0
BRDA:229,13,1,0
BRDA:247,14,0,0
BRDA:247,14,1,0
BRDA:275,15,0,0
BRDA:275,15,1,0
BRDA:283,16,0,0
BRDA:283,16,1,0
BRDA:289,17,0,0
BRDA:289,17,1,0
BRDA:291,18,0,0
BRDA:291,18,1,0
BRDA:316,19,0,0
BRDA:316,19,1,0
BRDA:345,20,0,0
BRDA:345,20,1,0
BRDA:369,21,0,0
BRDA:369,21,1,0
BRDA:377,22,0,0
BRDA:377,22,1,0
BRDA:378,23,0,0
BRDA:378,23,1,0
BRDA:379,24,0,0
BRDA:379,24,1,0
BRDA:402,25,0,0
BRDA:402,25,1,0
BRF:52
BRH:0
end_of_record
TN:
SF:src\controllers\auth.controller.ts
FN:13,(anonymous_1)
FN:54,(anonymous_2)
FN:139,(anonymous_3)
FN:200,(anonymous_4)
FNF:4
FNH:4
FNDA:3,(anonymous_1)
FNDA:4,(anonymous_2)
FNDA:4,(anonymous_3)
FNDA:3,(anonymous_4)
DA:2,1
DA:3,1
DA:4,1
DA:5,1
DA:6,1
DA:7,1
DA:13,1
DA:14,3
DA:15,3
DA:18,3
DA:19,1
DA:22,2
DA:24,2
DA:29,1
DA:34,1
DA:36,1
DA:43,2
DA:44,1
DA:46,1
DA:54,1
DA:55,4
DA:56,4
DA:59,4
DA:60,1
DA:63,3
DA:68,3
DA:69,3
DA:70,1
DA:73,2
DA:74,2
DA:75,1
DA:76,1
DA:80,1
DA:87,1
DA:94,1
DA:95,1
DA:100,1
DA:109,1
DA:114,1
DA:120,1
DA:122,1
DA:131,3
DA:139,1
DA:140,4
DA:141,4
DA:143,4
DA:144,1
DA:149,3
DA:150,3
DA:152,1
DA:156,2
DA:161,2
DA:162,1
DA:166,1
DA:171,1
DA:172,0
DA:175,1
DA:178,1
DA:184,1
DA:186,1
DA:192,3
DA:200,1
DA:201,3
DA:202,3
DA:203,3
DA:206,3
DA:207,2
DA:208,2
DA:209,2
DA:210,2
DA:218,3
DA:219,1
DA:222,3
DA:224,3
DA:229,0
LF:75
LH:73
BRDA:18,0,0,1
BRDA:18,0,1,2
BRDA:18,1,0,3
BRDA:18,1,1,2
BRDA:18,1,2,2
BRDA:43,2,0,1
BRDA:43,2,1,1
BRDA:59,3,0,1
BRDA:59,3,1,3
BRDA:59,4,0,4
BRDA:59,4,1,4
BRDA:69,5,0,1
BRDA:69,5,1,2
BRDA:74,6,0,1
BRDA:74,6,1,1
BRDA:114,7,0,1
BRDA:114,7,1,0
BRDA:143,8,0,1
BRDA:143,8,1,3
BRDA:161,9,0,1
BRDA:161,9,1,1
BRDA:171,10,0,0
BRDA:171,10,1,1
BRDA:206,11,0,2
BRDA:206,11,1,1
BRDA:208,12,0,2
BRDA:208,12,1,0
BRDA:208,13,0,2
BRDA:208,13,1,2
BRDA:208,13,2,2
BRDA:218,14,0,1
BRDA:218,14,1,2
BRF:32
BRH:29
end_of_record
TN:
SF:src\controllers\noteController.ts
FN:13,(anonymous_0)
FN:14,(anonymous_1)
FN:15,(anonymous_2)
FN:16,(anonymous_3)
FNF:4
FNH:0
FNDA:0,(anonymous_0)
FNDA:0,(anonymous_1)
FNDA:0,(anonymous_2)
FNDA:0,(anonymous_3)
DA:12,0
DA:13,0
DA:14,0
DA:15,0
DA:16,0
LF:5
LH:0
BRF:0
BRH:0
end_of_record
TN:
SF:src\controllers\passwordController.ts
FN:9,(anonymous_1)
FN:59,(anonymous_2)
FN:110,(anonymous_3)
FNF:3
FNH:0
FNDA:0,(anonymous_1)
FNDA:0,(anonymous_2)
FNDA:0,(anonymous_3)
DA:2,0
DA:3,0
DA:4,0
DA:5,0
DA:7,0
DA:10,0
DA:12,0
DA:13,0
DA:16,0
DA:18,0
DA:24,0
DA:25,0
DA:30,0
DA:33,0
DA:36,0
DA:37,0
DA:40,0
DA:46,0
DA:48,0
DA:53,0
DA:54,0
DA:60,0
DA:62,0
DA:63,0
DA:66,0
DA:67,0
DA:70,0
DA:72,0
DA:77,0
DA:78,0
DA:81,0
DA:84,0
DA:85,0
DA:88,0
DA:94,0
DA:99,0
DA:104,0
DA:105,0
DA:111,0
DA:113,0
DA:114,0
DA:119,0
DA:120,0
DA:123,0
DA:126,0
DA:127,0
LF:46
LH:0
BRDA:12,0,0,0
BRDA:12,0,1,0
BRDA:24,1,0,0
BRDA:24,1,1,0
BRDA:62,2,0,0
BRDA:62,2,1,0
BRDA:62,3,0,0
BRDA:62,3,1,0
BRDA:66,4,0,0
BRDA:66,4,1,0
BRDA:77,5,0,0
BRDA:77,5,1,0
BRDA:119,6,0,0
BRDA:119,6,1,0
BRF:14
BRH:0
end_of_record
TN:
SF:src\controllers\reminderController.ts
FN:10,(anonymous_0)
FN:41,(anonymous_1)
FN:62,(anonymous_2)
FN:114,(anonymous_3)
FN:156,(anonymous_4)
FN:204,(anonymous_5)
FN:238,(anonymous_6)
FN:269,(anonymous_7)
FNF:8
FNH:0
FNDA:0,(anonymous_0)
FNDA:0,(anonymous_1)
FNDA:0,(anonymous_2)
FNDA:0,(anonymous_3)
FNDA:0,(anonymous_4)
FNDA:0,(anonymous_5)
FNDA:0,(anonymous_6)
FNDA:0,(anonymous_7)
DA:2,0
DA:9,0
DA:11,0
DA:12,0
DA:13,0
DA:18,0
DA:23,0
DA:24,0
DA:26,0
DA:27,0
DA:32,0
DA:41,0
DA:46,0
DA:48,0
DA:49,0
DA:53,0
DA:54,0
DA:63,0
DA:64,0
DA:65,0
DA:71,0
DA:72,0
DA:78,0
DA:91,0
DA:92,0
DA:97,0
DA:99,0
DA:100,0
DA:102,0
DA:106,0
DA:107,0
DA:115,0
DA:116,0
DA:117,0
DA:122,0
DA:123,0
DA:125,0
DA:126,0
DA:131,0
DA:136,0
DA:137,0
DA:142,0
DA:144,0
DA:148,0
DA:149,0
DA:157,0
DA:158,0
DA:160,0
DA:161,0
DA:166,0
DA:167,0
DA:177,0
DA:179,0
DA:184,0
DA:185,0
DA:190,0
DA:192,0
DA:193,0
DA:197,0
DA:205,0
DA:206,0
DA:207,0
DA:212,0
DA:213,0
DA:218,0
DA:219,0
DA:224,0
DA:226,0
DA:230,0
DA:231,0
DA:239,0
DA:240,0
DA:241,0
DA:246,0
DA:249,0
DA:254,0
DA:255,0
DA:262,0
DA:263,0
DA:266,0
DA:269,0
DA:274,0
DA:276,0
DA:277,0
DA:281,0
DA:282,0
LF:86
LH:0
BRDA:12,0,0,0
BRDA:12,0,1,0
BRDA:26,1,0,0
BRDA:26,1,1,0
BRDA:26,2,0,0
BRDA:26,2,1,0
BRDA:50,3,0,0
BRDA:50,3,1,0
BRDA:64,4,0,0
BRDA:64,4,1,0
BRDA:71,5,0,0
BRDA:71,5,1,0
BRDA:71,6,0,0
BRDA:71,6,1,0
BRDA:80,7,0,0
BRDA:80,7,1,0
BRDA:83,8,0,0
BRDA:83,8,1,0
BRDA:84,9,0,0
BRDA:84,9,1,0
BRDA:85,10,0,0
BRDA:85,10,1,0
BRDA:91,11,0,0
BRDA:91,11,1,0
BRDA:103,12,0,0
BRDA:103,12,1,0
BRDA:116,13,0,0
BRDA:116,13,1,0
BRDA:125,14,0,0
BRDA:125,14,1,0
BRDA:136,15,0,0
BRDA:136,15,1,0
BRDA:145,16,0,0
BRDA:145,16,1,0
BRDA:160,17,0,0
BRDA:160,17,1,0
BRDA:170,18,0,0
BRDA:170,18,1,0
BRDA:184,19,0,0
BRDA:184,19,1,0
BRDA:194,20,0,0
BRDA:194,20,1,0
BRDA:206,21,0,0
BRDA:206,21,1,0
BRDA:218,22,0,0
BRDA:218,22,1,0
BRDA:227,23,0,0
BRDA:227,23,1,0
BRDA:240,24,0,0
BRDA:240,24,1,0
BRDA:254,25,0,0
BRDA:254,25,1,0
BRDA:262,26,0,0
BRDA:262,26,1,0
BRDA:278,27,0,0
BRDA:278,27,1,0
BRF:56
BRH:0
end_of_record
TN:
SF:src\controllers\note\NoteCrudController.ts
FN:13,(anonymous_1)
FN:44,(anonymous_2)
FN:113,(anonymous_3)
FN:177,(anonymous_4)
FN:211,(anonymous_5)
FN:236,(anonymous_6)
FN:251,(anonymous_7)
FN:275,(anonymous_8)
FN:292,(anonymous_9)
FN:308,(anonymous_10)
FN:318,(anonymous_11)
FN:344,(anonymous_12)
FN:370,(anonymous_13)
FN:385,(anonymous_14)
FN:402,(anonymous_15)
FN:445,(anonymous_16)
FN:482,(anonymous_17)
FNF:17
FNH:8
FNDA:5,(anonymous_1)
FNDA:4,(anonymous_2)
FNDA:2,(anonymous_3)
FNDA:3,(anonymous_4)
FNDA:0,(anonymous_5)
FNDA:1,(anonymous_6)
FNDA:1,(anonymous_7)
FNDA:0,(anonymous_8)
FNDA:0,(anonymous_9)
FNDA:0,(anonymous_10)
FNDA:2,(anonymous_11)
FNDA:2,(anonymous_12)
FNDA:0,(anonymous_13)
FNDA:0,(anonymous_14)
FNDA:0,(anonymous_15)
FNDA:0,(anonymous_16)
FNDA:0,(anonymous_17)
DA:2,1
DA:3,1
DA:4,1
DA:10,1
DA:14,5
DA:15,5
DA:16,5
DA:18,5
DA:19,2
DA:20,2
DA:24,3
DA:29,3
DA:34,2
DA:39,1
DA:40,1
DA:45,4
DA:46,4
DA:49,4
DA:50,4
DA:51,4
DA:52,4
DA:55,4
DA:60,4
DA:62,4
DA:63,1
DA:65,1
DA:71,1
DA:72,1
DA:76,4
DA:80,4
DA:81,4
DA:84,4
DA:88,4
DA:90,4
DA:91,3
DA:92,3
DA:95,4
DA:97,4
DA:108,0
DA:109,0
DA:114,2
DA:115,2
DA:116,2
DA:117,2
DA:120,2
DA:125,2
DA:126,1
DA:127,1
DA:130,1
DA:131,1
DA:132,1
DA:134,1
DA:135,1
DA:136,1
DA:137,1
DA:140,1
DA:141,1
DA:142,1
DA:143,1
DA:146,1
DA:147,0
DA:148,0
DA:149,0
DA:152,1
DA:153,1
DA:155,1
DA:162,1
DA:164,1
DA:169,0
DA:170,0
DA:178,3
DA:179,3
DA:180,3
DA:182,3
DA:187,3
DA:188,1
DA:189,1
DA:192,2
DA:194,2
DA:196,1
DA:197,1
DA:200,1
DA:204,1
DA:207,0
DA:212,0
DA:213,0
DA:214,0
DA:216,0
DA:217,0
DA:219,0
DA:224,0
DA:225,0
DA:227,0
DA:228,0
DA:230,0
DA:237,1
DA:238,1
DA:240,1
DA:245,1
DA:247,0
DA:252,1
DA:253,1
DA:254,1
DA:256,1
DA:261,1
DA:262,0
DA:263,0
DA:266,1
DA:271,0
DA:276,0
DA:277,0
DA:279,0
DA:284,0
DA:286,0
DA:293,0
DA:294,0
DA:295,0
DA:296,0
DA:299,0
DA:301,0
DA:306,0
DA:307,0
DA:308,0
DA:309,0
DA:312,0
DA:319,2
DA:320,2
DA:321,2
DA:323,2
DA:328,2
DA:329,1
DA:330,1
DA:333,1
DA:338,1
DA:340,0
DA:345,2
DA:346,2
DA:347,2
DA:349,2
DA:354,2
DA:355,1
DA:356,1
DA:359,1
DA:364,1
DA:366,0
DA:371,0
DA:372,0
DA:374,0
DA:379,0
DA:381,0
DA:386,0
DA:387,0
DA:389,0
DA:394,0
DA:396,0
DA:403,0
DA:404,0
DA:406,0
DA:411,0
DA:412,0
DA:417,0
DA:421,0
DA:424,0
DA:428,0
DA:432,0
DA:437,0
DA:438,0
DA:446,0
DA:447,0
DA:448,0
DA:450,0
DA:455,0
DA:456,0
DA:461,0
DA:467,0
DA:472,0
DA:473,0
DA:489,0
DA:490,0
DA:503,0
DA:505,0
DA:506,0
LF:182
LH:104
BRDA:18,0,0,2
BRDA:18,0,1,3
BRDA:18,1,0,5
BRDA:18,1,1,4
BRDA:31,2,0,3
BRDA:31,2,1,1
BRDA:49,3,0,4
BRDA:49,3,1,3
BRDA:50,4,0,4
BRDA:50,4,1,2
BRDA:62,5,0,1
BRDA:62,5,1,3
BRDA:71,6,0,1
BRDA:71,6,1,0
BRDA:90,7,0,3
BRDA:90,7,1,1
BRDA:125,8,0,1
BRDA:125,8,1,1
BRDA:134,9,0,1
BRDA:134,9,1,0
BRDA:140,10,0,1
BRDA:140,10,1,0
BRDA:146,11,0,0
BRDA:146,11,1,1
BRDA:172,12,0,0
BRDA:172,12,1,0
BRDA:187,13,0,1
BRDA:187,13,1,2
BRDA:194,14,0,1
BRDA:194,14,1,1
BRDA:261,15,0,0
BRDA:261,15,1,1
BRDA:294,16,0,0
BRDA:294,16,1,0
BRDA:307,17,0,0
BRDA:307,17,1,0
BRDA:309,18,0,0
BRDA:309,18,1,0
BRDA:328,19,0,1
BRDA:328,19,1,1
BRDA:354,20,0,1
BRDA:354,20,1,1
BRDA:411,21,0,0
BRDA:411,21,1,0
BRDA:424,22,0,0
BRDA:424,22,1,0
BRDA:428,23,0,0
BRDA:428,23,1,0
BRDA:455,24,0,0
BRDA:455,24,1,0
BRF:50
BRH:29
end_of_record
TN:
SF:src\controllers\note\NoteGroupController.ts
FN:9,(anonymous_0)
FN:36,(anonymous_1)
FN:66,(anonymous_2)
FN:81,(anonymous_3)
FN:94,(anonymous_4)
FN:123,(anonymous_5)
FN:139,(anonymous_6)
FN:190,(anonymous_7)
FN:219,(anonymous_8)
FN:268,(anonymous_9)
FNF:10
FNH:0
FNDA:0,(anonymous_0)
FNDA:0,(anonymous_1)
FNDA:0,(anonymous_2)
FNDA:0,(anonymous_3)
FNDA:0,(anonymous_4)
FNDA:0,(anonymous_5)
FNDA:0,(anonymous_6)
FNDA:0,(anonymous_7)
FNDA:0,(anonymous_8)
FNDA:0,(anonymous_9)
DA:2,0
DA:8,0
DA:10,0
DA:11,0
DA:12,0
DA:13,0
DA:15,0
DA:18,0
DA:23,0
DA:26,0
DA:31,0
DA:34,0
DA:35,0
DA:36,0
DA:38,0
DA:40,0
DA:46,0
DA:48,0
DA:53,0
DA:58,0
DA:59,0
DA:60,0
DA:62,0
DA:67,0
DA:68,0
DA:69,0
DA:81,0
DA:87,0
DA:89,0
DA:90,0
DA:95,0
DA:96,0
DA:97,0
DA:98,0
DA:101,0
DA:106,0
DA:107,0
DA:108,0
DA:112,0
DA:118,0
DA:123,0
DA:125,0
DA:134,0
DA:135,0
DA:140,0
DA:141,0
DA:142,0
DA:145,0
DA:150,0
DA:151,0
DA:152,0
DA:156,0
DA:161,0
DA:162,0
DA:163,0
DA:167,0
DA:172,0
DA:173,0
DA:174,0
DA:178,0
DA:183,0
DA:185,0
DA:186,0
DA:191,0
DA:192,0
DA:193,0
DA:196,0
DA:201,0
DA:202,0
DA:203,0
DA:207,0
DA:212,0
DA:214,0
DA:215,0
DA:220,0
DA:221,0
DA:222,0
DA:223,0
DA:225,0
DA:226,0
DA:227,0
DA:230,0
DA:233,0
DA:238,0
DA:239,0
DA:240,0
DA:243,0
DA:247,0
DA:248,0
DA:254,0
DA:255,0
DA:257,0
DA:258,0
DA:259,0
DA:264,0
DA:269,0
DA:270,0
DA:271,0
DA:273,0
DA:278,0
DA:279,0
DA:280,0
DA:283,0
DA:285,0
LF:104
LH:0
BRDA:34,0,0,0
BRDA:34,0,1,0
BRDA:34,1,0,0
BRDA:34,1,1,0
BRDA:50,2,0,0
BRDA:50,2,1,0
BRDA:84,3,0,0
BRDA:84,3,1,0
BRDA:106,4,0,0
BRDA:106,4,1,0
BRDA:150,5,0,0
BRDA:150,5,1,0
BRDA:161,6,0,0
BRDA:161,6,1,0
BRDA:172,7,0,0
BRDA:172,7,1,0
BRDA:201,8,0,0
BRDA:201,8,1,0
BRDA:225,9,0,0
BRDA:225,9,1,0
BRDA:225,10,0,0
BRDA:225,10,1,0
BRDA:238,11,0,0
BRDA:238,11,1,0
BRDA:261,12,0,0
BRDA:261,12,1,0
BRDA:278,13,0,0
BRDA:278,13,1,0
BRF:28
BRH:0
end_of_record
TN:
SF:src\controllers\note\NoteSharingController.ts
FN:9,(anonymous_0)
FN:88,(anonymous_1)
FN:120,(anonymous_2)
FN:180,(anonymous_3)
FN:260,(anonymous_4)
FNF:5
FNH:0
FNDA:0,(anonymous_0)
FNDA:0,(anonymous_1)
FNDA:0,(anonymous_2)
FNDA:0,(anonymous_3)
FNDA:0,(anonymous_4)
DA:2,0
DA:8,0
DA:10,0
DA:16,0
DA:17,0
DA:20,0
DA:21,0
DA:22,0
DA:26,0
DA:31,0
DA:32,0
DA:33,0
DA:37,0
DA:42,0
DA:43,0
DA:44,0
DA:47,0
DA:50,0
DA:51,0
DA:52,0
DA:56,0
DA:61,0
DA:63,0
DA:68,0
DA:72,0
DA:76,0
DA:81,0
DA:83,0
DA:84,0
DA:89,0
DA:90,0
DA:92,0
DA:113,0
DA:115,0
DA:116,0
DA:121,0
DA:122,0
DA:123,0
DA:124,0
DA:127,0
DA:132,0
DA:133,0
DA:134,0
DA:137,0
DA:140,0
DA:145,0
DA:146,0
DA:149,0
DA:153,0
DA:154,0
DA:155,0
DA:157,0
DA:158,0
DA:159,0
DA:160,0
DA:163,0
DA:164,0
DA:165,0
DA:166,0
DA:169,0
DA:171,0
DA:173,0
DA:175,0
DA:176,0
DA:181,0
DA:182,0
DA:183,0
DA:184,0
DA:187,0
DA:195,0
DA:196,0
DA:199,0
DA:203,0
DA:204,0
DA:205,0
DA:207,0
DA:208,0
DA:209,0
DA:210,0
DA:213,0
DA:214,0
DA:215,0
DA:216,0
DA:219,0
DA:220,0
DA:221,0
DA:222,0
DA:225,0
DA:226,0
DA:227,0
DA:230,0
DA:231,0
DA:233,0
DA:240,0
DA:242,0
DA:243,0
DA:244,0
DA:247,0
DA:252,0
DA:253,0
DA:261,0
DA:262,0
DA:264,0
DA:265,0
DA:266,0
DA:270,0
DA:278,0
DA:280,0
DA:281,0
LF:109
LH:0
BRDA:14,0,0,0
BRDA:15,1,0,0
BRDA:20,2,0,0
BRDA:20,2,1,0
BRDA:20,3,0,0
BRDA:20,3,1,0
BRDA:31,4,0,0
BRDA:31,4,1,0
BRDA:42,5,0,0
BRDA:42,5,1,0
BRDA:50,6,0,0
BRDA:50,6,1,0
BRDA:61,7,0,0
BRDA:61,7,1,0
BRDA:132,8,0,0
BRDA:132,8,1,0
BRDA:145,9,0,0
BRDA:145,9,1,0
BRDA:157,10,0,0
BRDA:157,10,1,0
BRDA:163,11,0,0
BRDA:163,11,1,0
BRDA:195,12,0,0
BRDA:195,12,1,0
BRDA:207,13,0,0
BRDA:207,13,1,0
BRDA:213,14,0,0
BRDA:213,14,1,0
BRDA:219,15,0,0
BRDA:219,15,1,0
BRDA:225,16,0,0
BRDA:225,16,1,0
BRDA:242,17,0,0
BRDA:242,17,1,0
BRDA:255,18,0,0
BRDA:255,18,1,0
BRDA:264,19,0,0
BRDA:264,19,1,0
BRDA:264,20,0,0
BRDA:264,20,1,0
BRDA:264,20,2,0
BRF:41
BRH:0
end_of_record
TN:
SF:src\controllers\note\index.ts
FN:10,(anonymous_0)
FN:11,(anonymous_1)
FN:12,(anonymous_2)
FN:27,(anonymous_3)
FNF:4
FNH:0
FNDA:0,(anonymous_0)
FNDA:0,(anonymous_1)
FNDA:0,(anonymous_2)
FNDA:0,(anonymous_3)
DA:10,0
DA:11,0
DA:12,0
DA:15,0
DA:16,0
DA:17,0
DA:19,0
DA:20,0
DA:21,0
DA:27,0
DA:29,0
DA:30,0
DA:31,0
DA:32,0
DA:33,0
DA:36,0
DA:37,0
DA:38,0
DA:41,0
DA:44,0
DA:45,0
DA:46,0
DA:47,0
DA:50,0
DA:51,0
DA:54,0
DA:57,0
DA:58,0
DA:59,0
DA:60,0
DA:61,0
DA:62,0
DA:63,0
DA:66,0
DA:67,0
DA:68,0
DA:69,0
DA:70,0
LF:38
LH:0
BRF:0
BRH:0
end_of_record
TN:
SF:src\controllers\usergroup\GroupMemberController.ts
FN:10,(anonymous_0)
FN:67,(anonymous_1)
FN:193,(anonymous_2)
FN:281,(anonymous_3)
FN:416,(anonymous_4)
FN:511,(anonymous_5)
FN:549,(anonymous_6)
FN:572,(anonymous_7)
FN:618,(anonymous_8)
FNF:9
FNH:0
FNDA:0,(anonymous_0)
FNDA:0,(anonymous_1)
FNDA:0,(anonymous_2)
FNDA:0,(anonymous_3)
FNDA:0,(anonymous_4)
FNDA:0,(anonymous_5)
FNDA:0,(anonymous_6)
FNDA:0,(anonymous_7)
FNDA:0,(anonymous_8)
DA:2,0
DA:8,0
DA:11,0
DA:12,0
DA:13,0
DA:16,0
DA:26,0
DA:28,0
DA:29,0
DA:30,0
DA:34,0
DA:57,0
DA:59,0
DA:60,0
DA:68,0
DA:70,0
DA:71,0
DA:73,0
DA:74,0
DA:75,0
DA:77,0
DA:78,0
DA:79,0
DA:82,0
DA:83,0
DA:84,0
DA:88,0
DA:96,0
DA:97,0
DA:98,0
DA:101,0
DA:102,0
DA:103,0
DA:106,0
DA:110,0
DA:111,0
DA:114,0
DA:118,0
DA:125,0
DA:126,0
DA:127,0
DA:130,0
DA:133,0
DA:143,0
DA:145,0
DA:146,0
DA:147,0
DA:151,0
DA:161,0
DA:177,0
DA:179,0
DA:184,0
DA:185,0
DA:186,0
DA:188,0
DA:194,0
DA:195,0
DA:196,0
DA:197,0
DA:200,0
DA:201,0
DA:209,0
DA:210,0
DA:211,0
DA:214,0
DA:215,0
DA:216,0
DA:219,0
DA:223,0
DA:231,0
DA:232,0
DA:233,0
DA:236,0
DA:239,0
DA:243,0
DA:246,0
DA:250,0
DA:251,0
DA:254,0
DA:259,0
DA:268,0
DA:269,0
DA:270,0
DA:273,0
DA:275,0
DA:276,0
DA:282,0
DA:283,0
DA:284,0
DA:285,0
DA:286,0
DA:289,0
DA:290,0
DA:291,0
DA:295,0
DA:296,0
DA:299,0
DA:303,0
DA:310,0
DA:311,0
DA:312,0
DA:316,0
DA:317,0
DA:320,0
DA:324,0
DA:332,0
DA:333,0
DA:334,0
DA:337,0
DA:340,0
DA:341,0
DA:344,0
DA:348,0
DA:356,0
DA:357,0
DA:358,0
DA:361,0
DA:364,0
DA:365,0
DA:369,0
DA:373,0
DA:383,0
DA:384,0
DA:385,0
DA:389,0
DA:405,0
DA:410,0
DA:411,0
DA:417,0
DA:418,0
DA:419,0
DA:420,0
DA:422,0
DA:423,0
DA:424,0
DA:428,0
DA:436,0
DA:437,0
DA:438,0
DA:442,0
DA:443,0
DA:444,0
DA:447,0
DA:451,0
DA:458,0
DA:459,0
DA:460,0
DA:464,0
DA:471,0
DA:472,0
DA:473,0
DA:476,0
DA:479,0
DA:489,0
DA:490,0
DA:491,0
DA:495,0
DA:503,0
DA:505,0
DA:506,0
DA:512,0
DA:513,0
DA:514,0
DA:515,0
DA:517,0
DA:518,0
DA:521,0
DA:525,0
DA:535,0
DA:536,0
DA:537,0
DA:541,0
DA:548,0
DA:549,0
DA:553,0
DA:564,0
DA:566,0
DA:567,0
DA:573,0
DA:574,0
DA:575,0
DA:578,0
DA:586,0
DA:587,0
DA:588,0
DA:592,0
DA:593,0
DA:594,0
DA:598,0
DA:602,0
DA:610,0
DA:612,0
DA:613,0
DA:619,0
DA:620,0
DA:621,0
DA:622,0
DA:624,0
DA:625,0
DA:628,0
DA:632,0
DA:639,0
DA:640,0
DA:641,0
DA:644,0
DA:645,0
DA:648,0
DA:652,0
DA:662,0
DA:663,0
DA:666,0
DA:669,0
DA:671,0
DA:672,0
DA:675,0
DA:685,0
DA:695,0
DA:704,0
DA:706,0
DA:708,0
DA:709,0
DA:711,0
DA:714,0
DA:715,0
LF:224
LH:0
BRDA:28,0,0,0
BRDA:28,0,1,0
BRDA:75,1,0,0
BRDA:77,2,0,0
BRDA:77,2,1,0
BRDA:82,3,0,0
BRDA:82,3,1,0
BRDA:96,4,0,0
BRDA:96,4,1,0
BRDA:102,5,0,0
BRDA:102,5,1,0
BRDA:102,6,0,0
BRDA:102,6,1,0
BRDA:110,7,0,0
BRDA:110,7,1,0
BRDA:110,8,0,0
BRDA:110,8,1,0
BRDA:125,9,0,0
BRDA:125,9,1,0
BRDA:145,10,0,0
BRDA:145,10,1,0
BRDA:200,11,0,0
BRDA:200,11,1,0
BRDA:209,12,0,0
BRDA:209,12,1,0
BRDA:215,13,0,0
BRDA:215,13,1,0
BRDA:215,14,0,0
BRDA:215,14,1,0
BRDA:231,15,0,0
BRDA:231,15,1,0
BRDA:239,16,0,0
BRDA:239,16,1,0
BRDA:240,17,0,0
BRDA:240,17,1,0
BRDA:240,17,2,0
BRDA:250,18,0,0
BRDA:250,18,1,0
BRDA:268,19,0,0
BRDA:268,19,1,0
BRDA:289,20,0,0
BRDA:289,20,1,0
BRDA:295,21,0,0
BRDA:295,21,1,0
BRDA:310,22,0,0
BRDA:310,22,1,0
BRDA:316,23,0,0
BRDA:316,23,1,0
BRDA:332,24,0,0
BRDA:332,24,1,0
BRDA:340,25,0,0
BRDA:340,25,1,0
BRDA:340,26,0,0
BRDA:340,26,1,0
BRDA:356,27,0,0
BRDA:356,27,1,0
BRDA:364,28,0,0
BRDA:364,28,1,0
BRDA:364,29,0,0
BRDA:364,29,1,0
BRDA:383,30,0,0
BRDA:383,30,1,0
BRDA:422,31,0,0
BRDA:422,31,1,0
BRDA:436,32,0,0
BRDA:436,32,1,0
BRDA:443,33,0,0
BRDA:443,33,1,0
BRDA:443,34,0,0
BRDA:443,34,1,0
BRDA:458,35,0,0
BRDA:458,35,1,0
BRDA:471,36,0,0
BRDA:471,36,1,0
BRDA:489,37,0,0
BRDA:489,37,1,0
BRDA:517,38,0,0
BRDA:517,38,1,0
BRDA:517,39,0,0
BRDA:517,39,1,0
BRDA:535,40,0,0
BRDA:535,40,1,0
BRDA:586,41,0,0
BRDA:586,41,1,0
BRDA:593,42,0,0
BRDA:593,42,1,0
BRDA:624,43,0,0
BRDA:624,43,1,0
BRDA:639,44,0,0
BRDA:639,44,1,0
BRDA:644,45,0,0
BRDA:644,45,1,0
BRDA:662,46,0,0
BRDA:662,46,1,0
BRF:94
BRH:0
end_of_record
TN:
SF:src\controllers\usergroup\GroupNoteController.ts
FN:18,(anonymous_1)
FN:68,(anonymous_2)
FN:133,(anonymous_3)
FN:183,(anonymous_4)
FN:265,(anonymous_5)
FN:345,(anonymous_6)
FN:426,(anonymous_7)
FN:445,(anonymous_8)
FN:454,(anonymous_9)
FNF:9
FNH:0
FNDA:0,(anonymous_1)
FNDA:0,(anonymous_2)
FNDA:0,(anonymous_3)
FNDA:0,(anonymous_4)
FNDA:0,(anonymous_5)
FNDA:0,(anonymous_6)
FNDA:0,(anonymous_7)
FNDA:0,(anonymous_8)
FNDA:0,(anonymous_9)
DA:2,0
DA:3,0
DA:4,0
DA:6,0
DA:16,0
DA:19,0
DA:20,0
DA:21,0
DA:24,0
DA:34,0
DA:36,0
DA:37,0
DA:40,0
DA:44,0
DA:57,0
DA:58,0
DA:60,0
DA:61,0
DA:69,0
DA:70,0
DA:71,0
DA:72,0
DA:74,0
DA:75,0
DA:76,0
DA:80,0
DA:90,0
DA:92,0
DA:93,0
DA:94,0
DA:98,0
DA:107,0
DA:110,0
DA:117,0
DA:119,0
DA:127,0
DA:128,0
DA:134,0
DA:135,0
DA:136,0
DA:137,0
DA:140,0
DA:150,0
DA:152,0
DA:153,0
DA:154,0
DA:158,0
DA:170,0
DA:171,0
DA:172,0
DA:175,0
DA:177,0
DA:178,0
DA:184,0
DA:185,0
DA:186,0
DA:187,0
DA:188,0
DA:191,0
DA:196,0
DA:197,0
DA:198,0
DA:202,0
DA:203,0
DA:204,0
DA:206,0
DA:207,0
DA:208,0
DA:211,0
DA:212,0
DA:213,0
DA:216,0
DA:217,0
DA:218,0
DA:221,0
DA:222,0
DA:223,0
DA:227,0
DA:228,0
DA:231,0
DA:233,0
DA:234,0
DA:235,0
DA:239,0
DA:251,0
DA:256,0
DA:257,0
DA:266,0
DA:267,0
DA:268,0
DA:269,0
DA:272,0
DA:280,0
DA:281,0
DA:282,0
DA:286,0
DA:287,0
DA:295,0
DA:296,0
DA:297,0
DA:300,0
DA:301,0
DA:302,0
DA:305,0
DA:310,0
DA:317,0
DA:319,0
DA:320,0
DA:321,0
DA:322,0
DA:323,0
DA:329,0
DA:337,0
DA:339,0
DA:340,0
DA:346,0
DA:347,0
DA:348,0
DA:349,0
DA:352,0
DA:360,0
DA:361,0
DA:362,0
DA:366,0
DA:367,0
DA:375,0
DA:376,0
DA:377,0
DA:380,0
DA:381,0
DA:382,0
DA:385,0
DA:390,0
DA:401,0
DA:413,0
DA:420,0
DA:421,0
DA:427,0
DA:428,0
DA:429,0
DA:430,0
DA:434,0
DA:436,0
DA:443,0
DA:444,0
DA:445,0
DA:446,0
DA:449,0
DA:455,0
DA:456,0
DA:457,0
DA:458,0
DA:461,0
DA:466,0
DA:467,0
DA:468,0
DA:471,0
DA:472,0
DA:474,0
DA:475,0
DA:476,0
DA:480,0
DA:482,0
DA:483,0
DA:489,0
DA:490,0
DA:491,0
DA:495,0
DA:496,0
DA:497,0
DA:501,0
DA:502,0
DA:503,0
DA:504,0
DA:505,0
DA:510,0
DA:511,0
DA:513,0
DA:518,0
DA:523,0
DA:524,0
LF:181
LH:0
BRDA:36,0,0,0
BRDA:36,0,1,0
BRDA:57,1,0,0
BRDA:57,1,1,0
BRDA:72,2,0,0
BRDA:74,3,0,0
BRDA:74,3,1,0
BRDA:74,4,0,0
BRDA:74,4,1,0
BRDA:92,5,0,0
BRDA:92,5,1,0
BRDA:152,6,0,0
BRDA:152,6,1,0
BRDA:170,7,0,0
BRDA:170,7,1,0
BRDA:196,8,0,0
BRDA:196,8,1,0
BRDA:206,9,0,0
BRDA:206,9,1,0
BRDA:211,10,0,0
BRDA:211,10,1,0
BRDA:216,11,0,0
BRDA:216,11,1,0
BRDA:221,12,0,0
BRDA:221,12,1,0
BRDA:233,13,0,0
BRDA:233,13,1,0
BRDA:259,14,0,0
BRDA:259,14,1,0
BRDA:280,15,0,0
BRDA:280,15,1,0
BRDA:286,16,0,0
BRDA:286,16,1,0
BRDA:295,17,0,0
BRDA:295,17,1,0
BRDA:301,18,0,0
BRDA:301,18,1,0
BRDA:301,19,0,0
BRDA:301,19,1,0
BRDA:317,20,0,0
BRDA:317,20,1,0
BRDA:320,21,0,0
BRDA:320,21,1,0
BRDA:320,22,0,0
BRDA:320,22,1,0
BRDA:322,23,0,0
BRDA:322,23,1,0
BRDA:360,24,0,0
BRDA:360,24,1,0
BRDA:366,25,0,0
BRDA:366,25,1,0
BRDA:375,26,0,0
BRDA:375,26,1,0
BRDA:381,27,0,0
BRDA:381,27,1,0
BRDA:381,28,0,0
BRDA:381,28,1,0
BRDA:414,29,0,0
BRDA:414,29,1,0
BRDA:428,30,0,0
BRDA:428,30,1,0
BRDA:444,31,0,0
BRDA:444,31,1,0
BRDA:446,32,0,0
BRDA:446,32,1,0
BRDA:466,33,0,0
BRDA:466,33,1,0
BRDA:472,34,0,0
BRDA:472,34,1,0
BRDA:474,35,0,0
BRDA:474,35,1,0
BRDA:474,36,0,0
BRDA:474,36,1,0
BRDA:482,37,0,0
BRDA:482,37,1,0
BRDA:489,38,0,0
BRDA:489,38,1,0
BRDA:491,39,0,0
BRDA:491,39,1,0
BRDA:495,40,0,0
BRDA:495,40,1,0
BRDA:502,41,0,0
BRDA:502,41,1,0
BRDA:502,42,0,0
BRDA:502,42,1,0
BRDA:504,43,0,0
BRDA:504,43,1,0
BRF:87
BRH:0
end_of_record
TN:
SF:src\controllers\usergroup\UserGroupCrudController.ts
FN:10,(anonymous_0)
FN:55,(anonymous_1)
FN:129,(anonymous_2)
FN:193,(anonymous_3)
FN:250,(anonymous_4)
FN:292,(anonymous_5)
FN:357,(anonymous_6)
FNF:7
FNH:0
FNDA:0,(anonymous_0)
FNDA:0,(anonymous_1)
FNDA:0,(anonymous_2)
FNDA:0,(anonymous_3)
FNDA:0,(anonymous_4)
FNDA:0,(anonymous_5)
FNDA:0,(anonymous_6)
DA:2,0
DA:8,0
DA:11,0
DA:12,0
DA:14,0
DA:44,0
DA:45,0
DA:47,0
DA:48,0
DA:56,0
DA:58,0
DA:59,0
DA:61,0
DA:62,0
DA:64,0
DA:65,0
DA:66,0
DA:70,0
DA:79,0
DA:80,0
DA:83,0
DA:93,0
DA:109,0
DA:111,0
DA:120,0
DA:121,0
DA:122,0
DA:124,0
DA:130,0
DA:131,0
DA:132,0
DA:135,0
DA:145,0
DA:147,0
DA:148,0
DA:149,0
DA:153,0
DA:180,0
DA:181,0
DA:182,0
DA:185,0
DA:187,0
DA:188,0
DA:194,0
DA:195,0
DA:196,0
DA:197,0
DA:200,0
DA:208,0
DA:209,0
DA:210,0
DA:213,0
DA:214,0
DA:215,0
DA:218,0
DA:222,0
DA:234,0
DA:235,0
DA:236,0
DA:239,0
DA:244,0
DA:245,0
DA:251,0
DA:252,0
DA:253,0
DA:256,0
DA:263,0
DA:264,0
DA:265,0
DA:268,0
DA:269,0
DA:272,0
DA:276,0
DA:284,0
DA:286,0
DA:287,0
DA:293,0
DA:294,0
DA:295,0
DA:296,0
DA:299,0
DA:300,0
DA:303,0
DA:307,0
DA:315,0
DA:316,0
DA:317,0
DA:320,0
DA:321,0
DA:322,0
DA:325,0
DA:329,0
DA:340,0
DA:341,0
DA:342,0
DA:345,0
DA:351,0
DA:352,0
DA:358,0
DA:359,0
DA:360,0
DA:361,0
DA:364,0
DA:365,0
DA:366,0
DA:370,0
DA:378,0
DA:379,0
DA:380,0
DA:383,0
DA:384,0
DA:385,0
DA:388,0
DA:392,0
DA:403,0
DA:404,0
DA:405,0
DA:408,0
DA:414,0
DA:415,0
LF:120
LH:0
BRDA:44,0,0,0
BRDA:44,0,1,0
BRDA:64,1,0,0
BRDA:64,1,1,0
BRDA:64,2,0,0
BRDA:64,2,1,0
BRDA:147,3,0,0
BRDA:147,3,1,0
BRDA:180,4,0,0
BRDA:180,4,1,0
BRDA:208,5,0,0
BRDA:208,5,1,0
BRDA:214,6,0,0
BRDA:214,6,1,0
BRDA:214,7,0,0
BRDA:214,7,1,0
BRDA:234,8,0,0
BRDA:234,8,1,0
BRDA:263,9,0,0
BRDA:263,9,1,0
BRDA:268,10,0,0
BRDA:268,10,1,0
BRDA:299,11,0,0
BRDA:299,11,1,0
BRDA:299,12,0,0
BRDA:299,12,1,0
BRDA:315,13,0,0
BRDA:315,13,1,0
BRDA:321,14,0,0
BRDA:321,14,1,0
BRDA:321,15,0,0
BRDA:321,15,1,0
BRDA:340,16,0,0
BRDA:340,16,1,0
BRDA:364,17,0,0
BRDA:364,17,1,0
BRDA:378,18,0,0
BRDA:378,18,1,0
BRDA:384,19,0,0
BRDA:384,19,1,0
BRDA:384,20,0,0
BRDA:384,20,1,0
BRDA:403,21,0,0
BRDA:403,21,1,0
BRF:44
BRH:0
end_of_record
TN:
SF:src\controllers\usergroup\index.ts
FN:10,(anonymous_0)
FN:11,(anonymous_1)
FN:12,(anonymous_2)
FN:27,(anonymous_3)
FNF:4
FNH:0
FNDA:0,(anonymous_0)
FNDA:0,(anonymous_1)
FNDA:0,(anonymous_2)
FNDA:0,(anonymous_3)
DA:10,0
DA:11,0
DA:12,0
DA:15,0
DA:16,0
DA:17,0
DA:19,0
DA:20,0
DA:21,0
DA:27,0
DA:29,0
DA:30,0
DA:31,0
DA:32,0
DA:33,0
DA:34,0
DA:35,0
DA:38,0
DA:39,0
DA:40,0
DA:41,0
DA:42,0
DA:43,0
DA:44,0
DA:45,0
DA:48,0
DA:49,0
DA:50,0
DA:51,0
DA:52,0
DA:53,0
DA:54,0
DA:55,0
LF:33
LH:0
BRF:0
BRH:0
end_of_record
TN:
SF:src\errors\AppError.ts
FN:17,(anonymous_0)
FN:40,(anonymous_1)
FN:50,(anonymous_2)
FN:60,(anonymous_3)
FN:70,(anonymous_4)
FN:80,(anonymous_5)
FN:92,(anonymous_6)
FN:109,(anonymous_7)
FN:124,(anonymous_8)
FN:134,(anonymous_9)
FN:144,(anonymous_10)
FN:153,isAppError
FN:160,wrapError
FNF:13
FNH:5
FNDA:8,(anonymous_0)
FNDA:3,(anonymous_1)
FNDA:2,(anonymous_2)
FNDA:2,(anonymous_3)
FNDA:1,(anonymous_4)
FNDA:0,(anonymous_5)
FNDA:0,(anonymous_6)
FNDA:0,(anonymous_7)
FNDA:0,(anonymous_8)
FNDA:0,(anonymous_9)
FNDA:0,(anonymous_10)
FNDA:0,isAppError
FNDA:0,wrapError
DA:12,1
DA:23,8
DA:24,8
DA:25,8
DA:26,8
DA:29,8
DA:32,8
DA:39,1
DA:41,3
DA:42,3
DA:49,1
DA:51,2
DA:52,2
DA:59,1
DA:61,2
DA:62,2
DA:69,1
DA:71,1
DA:72,1
DA:79,1
DA:81,0
DA:82,0
DA:89,1
DA:97,0
DA:98,0
DA:99,0
DA:106,1
DA:114,0
DA:115,0
DA:116,0
DA:123,1
DA:125,0
DA:126,0
DA:133,1
DA:135,0
DA:136,0
DA:143,1
DA:145,0
DA:146,0
DA:153,1
DA:154,0
DA:160,1
DA:161,0
DA:162,0
DA:165,0
DA:166,0
DA:169,0
LF:47
LH:27
BRDA:19,0,0,0
BRDA:20,1,0,0
BRDA:40,2,0,0
BRDA:50,3,0,0
BRDA:60,4,0,0
BRDA:70,5,0,0
BRDA:80,6,0,0
BRDA:93,7,0,0
BRDA:110,8,0,0
BRDA:124,9,0,0
BRDA:134,10,0,0
BRDA:144,11,0,0
BRDA:161,12,0,0
BRDA:161,12,1,0
BRDA:165,13,0,0
BRDA:165,13,1,0
BRF:16
BRH:0
end_of_record
TN:
SF:src\errors\index.ts
FN:6,(anonymous_0)
FN:7,(anonymous_1)
FN:8,(anonymous_2)
FN:9,(anonymous_3)
FN:10,(anonymous_4)
FN:11,(anonymous_5)
FN:12,(anonymous_6)
FN:13,(anonymous_7)
FN:14,(anonymous_8)
FN:15,(anonymous_9)
FN:16,(anonymous_10)
FN:17,(anonymous_11)
FN:18,(anonymous_12)
FNF:13
FNH:4
FNDA:0,(anonymous_0)
FNDA:3,(anonymous_1)
FNDA:2,(anonymous_2)
FNDA:2,(anonymous_3)
FNDA:1,(anonymous_4)
FNDA:0,(anonymous_5)
FNDA:0,(anonymous_6)
FNDA:0,(anonymous_7)
FNDA:0,(anonymous_8)
FNDA:0,(anonymous_9)
FNDA:0,(anonymous_10)
FNDA:0,(anonymous_11)
FNDA:0,(anonymous_12)
DA:5,1
DA:6,1
DA:7,4
DA:8,3
DA:9,3
DA:10,2
DA:11,1
DA:12,1
DA:13,1
DA:14,1
DA:15,1
DA:16,1
DA:17,1
DA:18,1
LF:14
LH:14
BRF:0
BRH:0
end_of_record
TN:
SF:src\middleware\auth.ts
FN:13,(anonymous_1)
FNF:1
FNH:0
FNDA:0,(anonymous_1)
DA:2,0
DA:3,0
DA:13,0
DA:14,0
DA:15,0
DA:17,0
DA:18,0
DA:21,0
DA:22,0
DA:23,0
DA:24,0
DA:27,0
DA:30,0
DA:31,0
DA:32,0
DA:36,0
DA:41,0
DA:42,0
DA:45,0
DA:47,0
DA:49,0
DA:52,0
DA:53,0
DA:59,0
DA:60,0
DA:66,0
LF:26
LH:0
BRDA:17,0,0,0
BRDA:17,0,1,0
BRDA:22,1,0,0
BRDA:22,1,1,0
BRDA:30,2,0,0
BRDA:30,2,1,0
BRDA:30,3,0,0
BRDA:30,3,1,0
BRDA:30,3,2,0
BRDA:41,4,0,0
BRDA:41,4,1,0
BRDA:52,5,0,0
BRDA:52,5,1,0
BRDA:59,6,0,0
BRDA:59,6,1,0
BRDA:68,7,0,0
BRDA:68,7,1,0
BRF:17
BRH:0
end_of_record
TN:
SF:src\middleware\errorHandler.ts
FN:32,handleDatabaseError
FN:53,handleJWTError
FN:66,errorHandler
FN:135,asyncHandler
FN:138,(anonymous_4)
FN:146,notFoundHandler
FNF:6
FNH:0
FNDA:0,handleDatabaseError
FNDA:0,handleJWTError
FNDA:0,errorHandler
FNDA:0,asyncHandler
FNDA:0,(anonymous_4)
FNDA:0,notFoundHandler
DA:9,0
DA:10,0
DA:27,0
DA:33,0
DA:42,0
DA:43,0
DA:44,0
DA:47,0
DA:54,0
DA:55,0
DA:57,0
DA:58,0
DA:60,0
DA:66,0
DA:75,0
DA:76,0
DA:77,0
DA:78,0
DA:79,0
DA:81,0
DA:84,0
DA:92,0
DA:102,0
DA:103,0
DA:104,0
DA:105,0
DA:109,0
DA:118,0
DA:119,0
DA:123,0
DA:124,0
DA:128,0
DA:135,0
DA:138,0
DA:139,0
DA:146,0
DA:147,0
DA:153,0
LF:38
LH:0
BRDA:42,0,0,0
BRDA:42,0,1,0
BRDA:43,1,0,0
BRDA:43,1,1,0
BRDA:54,2,0,0
BRDA:54,2,1,0
BRDA:57,3,0,0
BRDA:57,3,1,0
BRDA:75,4,0,0
BRDA:75,4,1,0
BRDA:77,5,0,0
BRDA:77,5,1,0
BRDA:77,6,0,0
BRDA:77,6,1,0
BRDA:79,7,0,0
BRDA:79,7,1,0
BRDA:85,8,0,0
BRDA:85,8,1,0
BRDA:102,9,0,0
BRDA:102,9,1,0
BRDA:104,10,0,0
BRDA:104,10,1,0
BRDA:118,11,0,0
BRDA:118,11,1,0
BRDA:118,12,0,0
BRDA:118,12,1,0
BRDA:123,13,0,0
BRDA:123,13,1,0
BRDA:123,14,0,0
BRDA:123,14,1,0
BRF:30
BRH:0
end_of_record
TN:
SF:src\middleware\rateLimiter.ts
FN:64,(anonymous_1)
FNF:1
FNH:0
FNDA:0,(anonymous_1)
DA:1,0
DA:8,0
DA:26,0
DA:40,0
DA:55,0
DA:65,0
DA:73,0
DA:88,0
DA:99,0
LF:9
LH:0
BRF:0
BRH:0
end_of_record
TN:
SF:src\middleware\upload.ts
FN:8,(anonymous_1)
FN:24,(anonymous_2)
FN:36,(anonymous_3)
FNF:3
FNH:0
FNDA:0,(anonymous_1)
FNDA:0,(anonymous_2)
FNDA:0,(anonymous_3)
DA:2,0
DA:3,0
DA:4,0
DA:7,0
DA:12,0
DA:13,0
DA:15,0
DA:18,0
DA:19,0
DA:22,0
DA:25,0
DA:26,0
DA:31,0
DA:37,0
DA:38,0
DA:39,0
DA:41,0
LF:17
LH:0
BRDA:12,0,0,0
BRDA:12,0,1,0
BRDA:18,1,0,0
BRDA:18,1,1,0
BRDA:38,2,0,0
BRDA:38,2,1,0
BRF:6
BRH:0
end_of_record
TN:
SF:src\middleware\validate.ts
FN:10,(anonymous_0)
FN:11,(anonymous_1)
FN:21,(anonymous_2)
FN:27,(anonymous_3)
FN:48,(anonymous_4)
FN:49,(anonymous_5)
FN:55,(anonymous_6)
FN:76,(anonymous_7)
FN:77,(anonymous_8)
FN:83,(anonymous_9)
FNF:10
FNH:0
FNDA:0,(anonymous_0)
FNDA:0,(anonymous_1)
FNDA:0,(anonymous_2)
FNDA:0,(anonymous_3)
FNDA:0,(anonymous_4)
FNDA:0,(anonymous_5)
FNDA:0,(anonymous_6)
FNDA:0,(anonymous_7)
FNDA:0,(anonymous_8)
FNDA:0,(anonymous_9)
DA:2,0
DA:10,0
DA:11,0
DA:12,0
DA:14,0
DA:17,0
DA:19,0
DA:21,0
DA:27,0
DA:29,0
DA:37,0
DA:38,0
DA:48,0
DA:49,0
DA:50,0
DA:51,0
DA:52,0
DA:54,0
DA:55,0
DA:60,0
DA:66,0
DA:76,0
DA:77,0
DA:78,0
DA:79,0
DA:80,0
DA:82,0
DA:83,0
DA:88,0
DA:94,0
LF:30
LH:0
BRDA:19,0,0,0
BRDA:19,0,1,0
BRDA:54,1,0,0
BRDA:54,1,1,0
BRDA:82,2,0,0
BRDA:82,2,1,0
BRF:6
BRH:0
end_of_record
TN:
SF:src\middleware\validation.ts
FN:3,(anonymous_0)
FNF:1
FNH:0
FNDA:0,(anonymous_0)
DA:3,0
DA:8,0
DA:11,0
DA:12,0
DA:13,0
DA:14,0
DA:18,0
DA:19,0
DA:20,0
DA:24,0
DA:25,0
DA:26,0
DA:29,0
LF:13
LH:0
BRDA:12,0,0,0
BRDA:12,0,1,0
BRDA:18,1,0,0
BRDA:18,1,1,0
BRDA:24,2,0,0
BRDA:24,2,1,0
BRF:6
BRH:0
end_of_record
TN:
SF:src\models\reminder.ts
FN:28,(anonymous_0)
FN:59,(anonymous_1)
FN:71,(anonymous_2)
FN:123,(anonymous_3)
FN:203,(anonymous_4)
FN:232,(anonymous_5)
FN:280,(anonymous_6)
FN:300,(anonymous_7)
FN:331,(anonymous_8)
FNF:9
FNH:0
FNDA:0,(anonymous_0)
FNDA:0,(anonymous_1)
FNDA:0,(anonymous_2)
FNDA:0,(anonymous_3)
FNDA:0,(anonymous_4)
FNDA:0,(anonymous_5)
FNDA:0,(anonymous_6)
FNDA:0,(anonymous_7)
FNDA:0,(anonymous_8)
DA:1,0
DA:27,0
DA:29,0
DA:31,0
DA:32,0
DA:34,0
DA:51,0
DA:52,0
DA:59,0
DA:64,0
DA:66,0
DA:67,0
DA:72,0
DA:74,0
DA:97,0
DA:98,0
DA:108,0
DA:110,0
DA:115,0
DA:117,0
DA:118,0
DA:124,0
DA:126,0
DA:150,0
DA:151,0
DA:158,0
DA:169,0
DA:180,0
DA:181,0
DA:182,0
DA:185,0
DA:191,0
DA:193,0
DA:195,0
DA:196,0
DA:204,0
DA:218,0
DA:219,0
DA:224,0
DA:226,0
DA:227,0
DA:233,0
DA:234,0
DA:235,0
DA:239,0
DA:240,0
DA:242,0
DA:243,0
DA:246,0
DA:248,0
DA:269,0
DA:275,0
DA:277,0
DA:280,0
DA:286,0
DA:288,0
DA:291,0
DA:292,0
DA:293,0
DA:295,0
DA:301,0
DA:302,0
DA:329,0
DA:331,0
DA:336,0
DA:337,0
LF:66
LH:0
BRDA:31,0,0,0
BRDA:31,0,1,0
BRDA:32,1,0,0
BRDA:32,1,1,0
BRDA:100,2,0,0
BRDA:100,2,1,0
BRDA:103,3,0,0
BRDA:103,3,1,0
BRDA:104,4,0,0
BRDA:104,4,1,0
BRDA:105,5,0,0
BRDA:105,5,1,0
BRDA:151,6,0,0
BRDA:151,6,1,0
BRDA:152,7,0,0
BRDA:152,7,1,0
BRDA:180,8,0,0
BRDA:180,8,1,0
BRDA:234,9,0,0
BRDA:234,9,1,0
BRDA:234,10,0,0
BRDA:234,10,1,0
BRDA:242,11,0,0
BRDA:242,11,1,0
BRDA:242,12,0,0
BRDA:242,12,1,0
BRDA:283,13,0,0
BRDA:283,13,1,0
BRDA:292,14,0,0
BRDA:292,14,1,0
BRF:30
BRH:0
end_of_record
TN:
SF:src\routes\accountRoutes.ts
FN:24,(anonymous_0)
FN:33,(anonymous_1)
FN:37,(anonymous_2)
FN:42,(anonymous_3)
FN:46,(anonymous_4)
FN:54,(anonymous_5)
FN:71,(anonymous_6)
FNF:7
FNH:0
FNDA:0,(anonymous_0)
FNDA:0,(anonymous_1)
FNDA:0,(anonymous_2)
FNDA:0,(anonymous_3)
FNDA:0,(anonymous_4)
FNDA:0,(anonymous_5)
FNDA:0,(anonymous_6)
DA:1,0
DA:2,0
DA:3,0
DA:4,0
DA:18,0
DA:21,0
DA:24,0
DA:25,0
DA:29,0
DA:33,0
DA:34,0
DA:37,0
DA:38,0
DA:42,0
DA:43,0
DA:46,0
DA:47,0
DA:51,0
DA:55,0
DA:56,0
DA:57,0
DA:59,0
DA:61,0
DA:62,0
DA:71,0
DA:72,0
DA:73,0
DA:79,0
LF:28
LH:0
BRDA:56,0,0,0
BRDA:56,0,1,0
BRDA:64,1,0,0
BRDA:64,1,1,0
BRDA:75,2,0,0
BRDA:75,2,1,0
BRF:6
BRH:0
end_of_record
TN:
SF:src\routes\auth.ts
FNF:0
FNH:0
DA:1,0
DA:2,0
DA:3,0
DA:4,0
DA:5,0
DA:6,0
DA:8,0
DA:11,0
DA:12,0
DA:13,0
DA:16,0
DA:18,0
LF:12
LH:0
BRF:0
BRH:0
end_of_record
TN:
SF:src\routes\contact.ts
FN:8,(anonymous_1)
FN:18,(anonymous_2)
FNF:2
FNH:0
FNDA:0,(anonymous_1)
FNDA:0,(anonymous_2)
DA:1,0
DA:2,0
DA:5,0
DA:8,0
DA:9,0
DA:14,0
DA:18,0
DA:19,0
DA:20,0
DA:22,0
DA:23,0
DA:29,0
DA:32,0
DA:34,0
DA:35,0
DA:40,0
DA:44,0
DA:45,0
DA:52,0
LF:19
LH:0
BRDA:22,0,0,0
BRDA:22,0,1,0
BRDA:22,1,0,0
BRDA:22,1,1,0
BRDA:22,1,2,0
BRDA:34,2,0,0
BRDA:34,2,1,0
BRDA:47,3,0,0
BRDA:47,3,1,0
BRF:9
BRH:0
end_of_record
TN:
SF:src\routes\noteGroupRoutes.ts
FNF:0
FNH:0
DA:1,0
DA:2,0
DA:3,0
DA:4,0
DA:5,0
DA:7,0
DA:8,0
DA:9,0
DA:11,0
DA:14,0
DA:15,0
DA:18,0
DA:19,0
DA:20,0
DA:21,0
DA:22,0
DA:23,0
DA:26,0
DA:28,0
LF:19
LH:0
BRF:0
BRH:0
end_of_record
TN:
SF:src\routes\noteRoutes.ts
FNF:0
FNH:0
DA:1,0
DA:2,0
DA:3,0
DA:4,0
DA:5,0
DA:8,0
DA:9,0
DA:11,0
DA:14,0
DA:15,0
DA:16,0
DA:17,0
DA:18,0
DA:19,0
DA:20,0
DA:21,0
DA:22,0
DA:23,0
DA:24,0
DA:27,0
DA:28,0
DA:31,0
DA:32,0
DA:33,0
DA:36,0
DA:37,0
DA:38,0
DA:40,0
LF:28
LH:0
BRF:0
BRH:0
end_of_record
TN:
SF:src\routes\passwordRoutes.ts
FNF:0
FNH:0
DA:1,0
DA:2,0
DA:3,0
DA:4,0
DA:5,0
DA:7,0
DA:10,0
DA:13,0
DA:16,0
DA:18,0
LF:10
LH:0
BRF:0
BRH:0
end_of_record
TN:
SF:src\routes\reminderRoutes.ts
FN:11,(anonymous_1)
FN:21,(anonymous_2)
FN:29,(anonymous_3)
FN:37,(anonymous_4)
FN:45,(anonymous_5)
FN:53,(anonymous_6)
FN:62,(anonymous_7)
FN:70,(anonymous_8)
FNF:8
FNH:0
FNDA:0,(anonymous_1)
FNDA:0,(anonymous_2)
FNDA:0,(anonymous_3)
FNDA:0,(anonymous_4)
FNDA:0,(anonymous_5)
FNDA:0,(anonymous_6)
FNDA:0,(anonymous_7)
FNDA:0,(anonymous_8)
DA:1,0
DA:2,0
DA:3,0
DA:5,0
DA:8,0
DA:11,0
DA:12,0
DA:17,0
DA:21,0
DA:22,0
DA:23,0
DA:25,0
DA:29,0
DA:30,0
DA:31,0
DA:33,0
DA:37,0
DA:38,0
DA:39,0
DA:41,0
DA:45,0
DA:46,0
DA:47,0
DA:49,0
DA:53,0
DA:54,0
DA:55,0
DA:57,0
DA:62,0
DA:63,0
DA:64,0
DA:70,0
DA:71,0
DA:72,0
DA:74,0
DA:78,0
LF:36
LH:0
BRF:0
BRH:0
end_of_record
TN:
SF:src\routes\userGroupsRoutes.ts
FNF:0
FNH:0
DA:1,0
DA:2,0
DA:3,0
DA:4,0
DA:5,0
DA:7,0
DA:8,0
DA:11,0
DA:14,0
DA:15,0
DA:16,0
DA:17,0
DA:18,0
DA:19,0
DA:20,0
DA:23,0
DA:24,0
DA:25,0
DA:26,0
DA:29,0
DA:30,0
DA:31,0
DA:32,0
DA:33,0
DA:34,0
DA:37,0
DA:45,0
DA:46,0
DA:47,0
DA:48,0
DA:50,0
LF:31
LH:0
BRF:0
BRH:0
end_of_record
TN:
SF:src\services\emailSchedulerService.ts
FN:7,(anonymous_0)
FNF:1
FNH:0
FNDA:0,(anonymous_0)
DA:2,0
DA:3,0
DA:5,0
DA:8,0
DA:10,0
DA:12,0
DA:15,0
DA:16,0
DA:24,0
DA:26,0
LF:10
LH:0
BRDA:19,0,0,0
BRDA:19,0,1,0
BRF:2
BRH:0
end_of_record
TN:
SF:src\services\emailService.ts
FN:29,(anonymous_1)
FN:89,(anonymous_2)
FN:125,(anonymous_3)
FNF:3
FNH:0
FNDA:0,(anonymous_1)
FNDA:0,(anonymous_2)
FNDA:0,(anonymous_3)
DA:1,0
DA:2,0
DA:3,0
DA:4,0
DA:5,0
DA:6,0
DA:9,0
DA:18,0
DA:22,0
DA:27,0
DA:30,0
DA:32,0
DA:37,0
DA:38,0
DA:39,0
DA:42,0
DA:45,0
DA:54,0
DA:59,0
DA:65,0
DA:68,0
DA:77,0
DA:78,0
DA:79,0
DA:81,0
DA:83,0
DA:84,0
DA:90,0
DA:91,0
DA:94,0
DA:95,0
DA:104,0
DA:113,0
DA:114,0
DA:115,0
DA:117,0
DA:119,0
DA:120,0
DA:126,0
DA:127,0
DA:129,0
DA:130,0
DA:144,0
DA:161,0
DA:169,0
DA:170,0
DA:171,0
DA:173,0
DA:175,0
DA:176,0
LF:50
LH:0
BRDA:37,0,0,0
BRDA:37,0,1,0
BRDA:37,1,0,0
BRDA:37,1,1,0
BRDA:49,2,0,0
BRDA:49,2,1,0
BRF:6
BRH:0
end_of_record
TN:
SF:src\utils\cleanupTasks.ts
FN:5,(anonymous_1)
FN:7,(anonymous_2)
FNF:2
FNH:0
FNDA:0,(anonymous_1)
FNDA:0,(anonymous_2)
DA:1,0
DA:2,0
DA:5,0
DA:7,0
DA:8,0
DA:9,0
DA:12,0
DA:18,0
DA:20,0
LF:9
LH:0
BRF:0
BRH:0
end_of_record
TN:
SF:src\utils\dateUtils.ts
FN:6,(anonymous_0)
FN:15,(anonymous_1)
FN:138,(anonymous_2)
FN:191,(anonymous_3)
FNF:4
FNH:0
FNDA:0,(anonymous_0)
FNDA:0,(anonymous_1)
FNDA:0,(anonymous_2)
FNDA:0,(anonymous_3)
DA:2,0
DA:7,0
DA:16,0
DA:17,0
DA:18,0
DA:19,0
DA:22,0
DA:24,0
DA:27,0
DA:28,0
DA:30,0
DA:31,0
DA:33,0
DA:35,0
DA:47,0
DA:48,0
DA:49,0
DA:50,0
DA:51,0
DA:52,0
DA:53,0
DA:57,0
DA:59,0
DA:60,0
DA:61,0
DA:62,0
DA:64,0
DA:79,0
DA:80,0
DA:81,0
DA:82,0
DA:85,0
DA:86,0
DA:88,0
DA:92,0
DA:94,0
DA:95,0
DA:96,0
DA:97,0
DA:98,0
DA:99,0
DA:102,0
DA:105,0
DA:106,0
DA:109,0
DA:115,0
DA:116,0
DA:117,0
DA:118,0
DA:119,0
DA:122,0
DA:127,0
DA:129,0
DA:130,0
DA:131,0
DA:132,0
DA:133,0
DA:135,0
DA:139,0
DA:142,0
DA:143,0
DA:144,0
DA:145,0
DA:149,0
DA:150,0
DA:151,0
DA:152,0
DA:156,0
DA:157,0
DA:158,0
DA:159,0
DA:163,0
DA:164,0
DA:165,0
DA:168,0
DA:169,0
DA:170,0
DA:171,0
DA:176,0
DA:177,0
DA:178,0
DA:179,0
DA:184,0
DA:200,0
DA:201,0
DA:202,0
DA:203,0
DA:204,0
DA:207,0
DA:211,0
DA:215,0
DA:218,0
DA:219,0
DA:221,0
DA:222,0
DA:224,0
DA:225,0
DA:226,0
DA:227,0
DA:230,0
DA:234,0
DA:236,0
DA:237,0
DA:238,0
DA:243,0
DA:256,0
DA:257,0
DA:258,0
DA:259,0
DA:260,0
DA:262,0
DA:263,0
DA:266,0
DA:267,0
DA:268,0
DA:273,0
DA:275,0
DA:276,0
DA:277,0
DA:278,0
DA:279,0
DA:283,0
DA:284,0
DA:285,0
DA:288,0
DA:289,0
DA:290,0
DA:295,0
DA:296,0
DA:298,0
DA:299,0
DA:301,0
DA:302,0
DA:307,0
DA:308,0
DA:309,0
DA:313,0
DA:314,0
DA:315,0
DA:319,0
DA:320,0
DA:321,0
DA:323,0
DA:325,0
DA:326,0
DA:329,0
DA:330,0
DA:331,0
DA:332,0
DA:337,0
DA:338,0
DA:339,0
DA:344,0
DA:345,0
DA:347,0
DA:348,0
DA:349,0
DA:350,0
DA:353,0
DA:354,0
DA:356,0
DA:357,0
DA:360,0
DA:361,0
DA:364,0
DA:365,0
DA:368,0
DA:369,0
DA:371,0
DA:375,0
DA:376,0
DA:380,0
DA:382,0
DA:384,0
LF:174
LH:0
BRDA:24,0,0,0
BRDA:24,0,1,0
BRDA:27,1,0,0
BRDA:27,1,1,0
BRDA:30,2,0,0
BRDA:30,2,1,0
BRDA:30,3,0,0
BRDA:30,3,1,0
BRDA:33,4,0,0
BRDA:33,4,1,0
BRDA:48,5,0,0
BRDA:48,5,1,0
BRDA:51,6,0,0
BRDA:51,6,1,0
BRDA:57,7,0,0
BRDA:57,7,1,0
BRDA:60,8,0,0
BRDA:60,8,1,0
BRDA:80,9,0,0
BRDA:80,9,1,0
BRDA:85,10,0,0
BRDA:85,10,1,0
BRDA:92,11,0,0
BRDA:92,11,1,0
BRDA:95,12,0,0
BRDA:95,12,1,0
BRDA:97,13,0,0
BRDA:97,13,1,0
BRDA:97,14,0,0
BRDA:97,14,1,0
BRDA:105,15,0,0
BRDA:105,15,1,0
BRDA:115,16,0,0
BRDA:115,16,1,0
BRDA:117,17,0,0
BRDA:117,17,1,0
BRDA:144,18,0,0
BRDA:144,18,1,0
BRDA:144,19,0,0
BRDA:144,19,1,0
BRDA:151,20,0,0
BRDA:151,20,1,0
BRDA:151,21,0,0
BRDA:151,21,1,0
BRDA:158,22,0,0
BRDA:158,22,1,0
BRDA:158,23,0,0
BRDA:158,23,1,0
BRDA:163,24,0,0
BRDA:163,24,1,0
BRDA:163,25,0,0
BRDA:163,25,1,0
BRDA:164,26,0,0
BRDA:164,26,1,0
BRDA:170,27,0,0
BRDA:170,27,1,0
BRDA:170,28,0,0
BRDA:170,28,1,0
BRDA:176,29,0,0
BRDA:176,29,1,0
BRDA:178,30,0,0
BRDA:178,30,1,0
BRDA:178,31,0,0
BRDA:178,31,1,0
BRDA:207,32,0,0
BRDA:207,32,1,0
BRDA:207,33,0,0
BRDA:207,33,1,0
BRDA:207,33,2,0
BRDA:207,33,3,0
BRDA:224,34,0,0
BRDA:224,34,1,0
BRDA:224,35,0,0
BRDA:224,35,1,0
BRDA:226,36,0,0
BRDA:226,36,1,0
BRDA:226,37,0,0
BRDA:226,37,1,0
BRDA:234,38,0,0
BRDA:234,38,1,0
BRDA:234,39,0,0
BRDA:234,39,1,0
BRDA:237,40,0,0
BRDA:237,40,1,0
BRDA:237,41,0,0
BRDA:237,41,1,0
BRDA:257,42,0,0
BRDA:257,42,1,0
BRDA:260,43,0,0
BRDA:260,43,1,0
BRDA:273,44,0,0
BRDA:273,44,1,0
BRDA:276,45,0,0
BRDA:276,45,1,0
BRDA:284,46,0,0
BRDA:284,46,1,0
BRDA:284,47,0,0
BRDA:284,47,1,0
BRDA:288,48,0,0
BRDA:288,48,1,0
BRDA:288,49,0,0
BRDA:288,49,1,0
BRDA:295,50,0,0
BRDA:295,50,1,0
BRDA:298,51,0,0
BRDA:298,51,1,0
BRDA:298,52,0,0
BRDA:298,52,1,0
BRDA:301,53,0,0
BRDA:301,53,1,0
BRDA:308,54,0,0
BRDA:308,54,1,0
BRDA:314,55,0,0
BRDA:314,55,1,0
BRDA:321,56,0,0
BRDA:321,56,1,0
BRDA:321,57,0,0
BRDA:321,57,1,0
BRDA:325,58,0,0
BRDA:325,58,1,0
BRDA:330,59,0,0
BRDA:330,59,1,0
BRDA:332,60,0,0
BRDA:332,60,1,0
BRDA:347,61,0,0
BRDA:347,61,1,0
BRDA:349,62,0,0
BRDA:349,62,1,0
BRDA:350,63,0,0
BRDA:350,63,1,0
BRDA:353,64,0,0
BRDA:353,64,1,0
BRDA:353,65,0,0
BRDA:353,65,1,0
BRDA:353,65,2,0
BRDA:354,66,0,0
BRDA:354,66,1,0
BRDA:356,67,0,0
BRDA:356,67,1,0
BRDA:356,68,0,0
BRDA:356,68,1,0
BRDA:357,69,0,0
BRDA:357,69,1,0
BRDA:360,70,0,0
BRDA:360,70,1,0
BRDA:360,71,0,0
BRDA:360,71,1,0
BRDA:364,72,0,0
BRDA:364,72,1,0
BRDA:364,73,0,0
BRDA:364,73,1,0
BRDA:364,73,2,0
BRDA:375,74,0,0
BRDA:375,74,1,0
BRDA:382,75,0,0
BRDA:382,75,1,0
BRDA:388,76,0,0
BRDA:388,76,1,0
BRF:158
BRH:0
end_of_record
TN:
SF:src\utils\db.ts
FN:3,(anonymous_0)
FNF:1
FNH:0
FNDA:0,(anonymous_0)
DA:1,0
DA:3,0
DA:4,0
DA:5,0
DA:6,0
DA:8,0
DA:9,0
LF:7
LH:0
BRF:0
BRH:0
end_of_record
TN:
SF:src\utils\emailTasks.ts
FN:4,setupEmailScheduler
FN:6,(anonymous_1)
FNF:2
FNH:0
FNDA:0,setupEmailScheduler
FNDA:0,(anonymous_1)
DA:1,0
DA:4,0
DA:6,0
DA:7,0
DA:11,0
DA:13,0
LF:6
LH:0
BRF:0
BRH:0
end_of_record
TN:
SF:src\utils\passwordHelpers.ts
FN:50,validatePasswordStrength
FN:52,(anonymous_1)
FN:75,getPasswordErrorMessage
FN:89,isWeakPassword
FNF:4
FNH:0
FNDA:0,validatePasswordStrength
FNDA:0,(anonymous_1)
FNDA:0,getPasswordErrorMessage
FNDA:0,isWeakPassword
DA:13,0
DA:50,0
DA:51,0
DA:52,0
DA:53,0
DA:54,0
DA:55,0
DA:57,0
DA:63,0
DA:75,0
DA:76,0
DA:78,0
DA:79,0
DA:82,0
DA:89,0
DA:90,0
LF:16
LH:0
BRDA:54,0,0,0
BRDA:54,0,1,0
BRDA:78,1,0,0
BRDA:78,1,1,0
BRF:4
BRH:0
end_of_record
TN:
SF:src\utils\pathHelpers.ts
FN:21,validateSafePath
FN:67,safeDeleteFile
FN:104,isSafeFilename
FN:132,sanitizeFilename
FN:147,extractSafeRelativePath
FNF:5
FNH:0
FNDA:0,validateSafePath
FNDA:0,safeDeleteFile
FNDA:0,isSafeFilename
FNDA:0,sanitizeFilename
FNDA:0,extractSafeRelativePath
DA:1,0
DA:2,0
DA:21,0
DA:25,0
DA:27,0
DA:28,0
DA:31,0
DA:32,0
DA:35,0
DA:36,0
DA:39,0
DA:43,0
DA:44,0
DA:47,0
DA:50,0
DA:52,0
DA:53,0
DA:67,0
DA:71,0
DA:72,0
DA:74,0
DA:75,0
DA:76,0
DA:79,0
DA:80,0
DA:81,0
DA:82,0
DA:84,0
DA:85,0
DA:88,0
DA:89,0
DA:104,0
DA:106,0
DA:107,0
DA:108,0
DA:112,0
DA:113,0
DA:114,0
DA:118,0
DA:119,0
DA:120,0
DA:123,0
DA:132,0
DA:133,0
DA:147,0
DA:151,0
DA:152,0
DA:156,0
DA:161,0
DA:162,0
DA:163,0
DA:166,0
LF:52
LH:0
BRDA:35,0,0,0
BRDA:35,0,1,0
BRDA:43,1,0,0
BRDA:43,1,1,0
BRDA:74,2,0,0
BRDA:74,2,1,0
BRDA:79,3,0,0
BRDA:79,3,1,0
BRDA:106,4,0,0
BRDA:106,4,1,0
BRDA:106,5,0,0
BRDA:106,5,1,0
BRDA:112,6,0,0
BRDA:112,6,1,0
BRDA:112,7,0,0
BRDA:112,7,1,0
BRDA:112,7,2,0
BRDA:118,8,0,0
BRDA:118,8,1,0
BRDA:149,9,0,0
BRDA:151,10,0,0
BRDA:151,10,1,0
BRDA:151,11,0,0
BRDA:151,11,1,0
BRDA:156,12,0,0
BRDA:156,12,1,0
BRDA:161,13,0,0
BRDA:161,13,1,0
BRDA:161,14,0,0
BRDA:161,14,1,0
BRF:30
BRH:0
end_of_record
TN:
SF:src\utils\queryHelpers.ts
FN:37,buildOrderByClause
FN:92,buildGroupNoteOrderByClause
FN:137,buildReminderOrderByClause
FN:169,isSafeColumnName
FN:181,escapeLikeValue
FNF:5
FNH:1
FNDA:1,buildOrderByClause
FNDA:0,buildGroupNoteOrderByClause
FNDA:0,buildReminderOrderByClause
FNDA:0,isSafeColumnName
FNDA:0,escapeLikeValue
DA:10,1
DA:21,1
DA:37,1
DA:42,1
DA:43,1
DA:48,1
DA:49,1
DA:54,1
DA:57,1
DA:58,0
DA:61,0
DA:65,1
DA:66,0
DA:70,1
DA:76,1
DA:92,1
DA:96,0
DA:97,0
DA:101,0
DA:102,0
DA:106,0
DA:108,0
DA:109,0
DA:112,0
DA:115,0
DA:121,1
DA:137,1
DA:141,0
DA:142,0
DA:146,0
DA:147,0
DA:151,0
DA:153,0
DA:154,0
DA:157,0
DA:160,0
DA:169,1
DA:171,0
DA:172,0
DA:181,1
DA:183,0
LF:41
LH:17
BRDA:57,0,0,0
BRDA:57,0,1,1
BRDA:57,1,0,1
BRDA:57,1,1,1
BRDA:65,2,0,0
BRDA:65,2,1,1
BRDA:108,3,0,0
BRDA:108,3,1,0
BRDA:108,4,0,0
BRDA:108,4,1,0
BRDA:153,5,0,0
BRDA:153,5,1,0
BRDA:153,6,0,0
BRDA:153,6,1,0
BRF:14
BRH:4
end_of_record
TN:
SF:src\utils\urlHelpers.ts
FN:17,getApiUrl
FN:26,getBaseServerUrl
FN:35,getAppUrl
FN:43,getAppUrl2
FN:52,getProfileImageUrl
FN:66,getNoteImageUrl
FN:76,getGroupNoteImageUrl
FN:86,isGroupNoteImageUrl
FN:96,extractGroupNoteImageFilename
FN:108,getPasswordResetUrl
FN:117,getRemindersUrl
FNF:11
FNH:1
FNDA:0,getApiUrl
FNDA:0,getBaseServerUrl
FNDA:0,getAppUrl
FNDA:0,getAppUrl2
FNDA:2,getProfileImageUrl
FNDA:0,getNoteImageUrl
FNDA:0,getGroupNoteImageUrl
FNDA:0,isGroupNoteImageUrl
FNDA:0,extractGroupNoteImageFilename
FNDA:0,getPasswordResetUrl
FNDA:0,getRemindersUrl
DA:11,1
DA:17,1
DA:18,0
DA:26,1
DA:27,0
DA:28,0
DA:35,1
DA:36,0
DA:43,1
DA:44,0
DA:52,1
DA:53,2
DA:55,0
DA:57,0
DA:58,0
DA:66,1
DA:67,0
DA:68,0
DA:76,1
DA:77,0
DA:78,0
DA:86,1
DA:87,0
DA:88,0
DA:96,1
DA:97,0
DA:99,0
DA:100,0
DA:108,1
DA:109,0
DA:110,0
DA:117,1
DA:118,0
DA:119,0
LF:34
LH:13
BRDA:18,0,0,0
BRDA:18,0,1,0
BRDA:27,1,0,0
BRDA:27,1,1,0
BRDA:36,2,0,0
BRDA:36,2,1,0
BRDA:44,3,0,0
BRDA:44,3,1,0
BRDA:53,4,0,2
BRDA:53,4,1,0
BRDA:57,5,0,0
BRDA:57,5,1,0
BRDA:97,6,0,0
BRDA:97,6,1,0
BRDA:100,7,0,0
BRDA:100,7,1,0
BRF:16
BRH:1
end_of_record
TN:
SF:src\validation\schemas\group.schema.ts
FN:23,(anonymous_0)
FN:66,(anonymous_1)
FN:77,(anonymous_2)
FNF:3
FNH:1
FNDA:0,(anonymous_0)
FNDA:1,(anonymous_1)
FNDA:0,(anonymous_2)
DA:1,1
DA:8,1
DA:15,1
DA:21,1
DA:23,0
DA:29,1
DA:37,1
DA:45,1
DA:52,1
DA:59,1
DA:66,1
DA:74,1
DA:77,0
DA:84,1
DA:91,1
LF:15
LH:13
BRF:0
BRH:0
end_of_record
TN:
SF:src\validation\schemas\note.schema.ts
FN:10,(anonymous_0)
FN:20,(anonymous_1)
FN:29,(anonymous_2)
FN:38,(anonymous_3)
FNF:4
FNH:4
FNDA:14,(anonymous_0)
FNDA:76,(anonymous_1)
FNDA:7,(anonymous_2)
FNDA:7,(anonymous_3)
DA:1,1
DA:10,1
DA:11,14
DA:20,76
DA:24,1
DA:29,7
DA:34,1
DA:38,7
DA:44,1
DA:50,1
DA:58,1
DA:68,1
DA:79,1
DA:86,1
LF:14
LH:14
BRF:0
BRH:0
end_of_record
TN:
SF:src\validation\schemas\reminder.schema.ts
FN:26,(anonymous_0)
FNF:1
FNH:1
FNDA:4,(anonymous_0)
DA:1,1
DA:8,1
DA:15,1
DA:21,1
DA:27,4
DA:28,4
DA:36,1
DA:47,1
DA:59,1
LF:9
LH:9
BRDA:27,0,0,4
BRDA:27,0,1,0
BRF:2
BRH:1
end_of_record
TN:
SF:src\validation\schemas\user.schema.ts
FN:68,(anonymous_0)
FNF:1
FNH:0
FNDA:0,(anonymous_0)
DA:1,1
DA:15,1
DA:24,1
DA:29,1
DA:35,1
DA:44,1
DA:54,1
DA:62,1
DA:70,0
DA:71,0
DA:73,0
DA:83,1
DA:91,1
DA:99,1
LF:14
LH:11
BRDA:70,0,0,0
BRDA:70,0,1,0
BRF:2
BRH:0
end_of_record
